mode: set
github.com/alibekabdrakhman1/project/cmd/web/main.go:22.13,24.16 2 0
github.com/alibekabdrakhman1/project/cmd/web/main.go:28.2,36.16 4 0
github.com/alibekabdrakhman1/project/cmd/web/main.go:24.16,26.3 1 0
github.com/alibekabdrakhman1/project/cmd/web/main.go:36.16,39.3 1 0
github.com/alibekabdrakhman1/project/cmd/web/main.go:41.18,57.16 10 1
github.com/alibekabdrakhman1/project/cmd/web/main.go:61.2,67.12 6 1
github.com/alibekabdrakhman1/project/cmd/web/main.go:57.16,59.3 1 0
github.com/alibekabdrakhman1/project/cmd/web/middleware.go:9.45,19.2 3 1
github.com/alibekabdrakhman1/project/cmd/web/middleware.go:21.50,23.2 1 1
github.com/alibekabdrakhman1/project/cmd/web/routes.go:12.49,36.2 18 1
